<?xml version="1.0" encoding="UTF-8"?>
<coverage generated="1569619468933" clover="3.2.0">
  <project timestamp="1569619468933" name="All files">
    <metrics statements="25" coveredstatements="6" conditionals="12" coveredconditionals="1" methods="9" coveredmethods="2" elements="46" coveredelements="9" complexity="0" loc="25" ncloc="25" packages="1" files="1" classes="1"/>
    <file name="pokeApi.service.ts" path="/Users/josueguerrero/Documents/pokeApi/src/services/pokeApi.service.ts">
      <metrics statements="25" coveredstatements="6" conditionals="12" coveredconditionals="1" methods="9" coveredmethods="2"/>
      <line num="2" count="1" type="stmt"/>
      <line num="4" count="1" type="stmt"/>
      <line num="7" count="1" type="stmt"/>
      <line num="9" count="0" type="stmt"/>
      <line num="14" count="1" type="stmt"/>
      <line num="15" count="1" type="cond" truecount="1" falsecount="1"/>
      <line num="16" count="0" type="stmt"/>
      <line num="18" count="1" type="stmt"/>
      <line num="23" count="0" type="stmt"/>
      <line num="24" count="0" type="stmt"/>
      <line num="25" count="0" type="cond" truecount="0" falsecount="2"/>
      <line num="26" count="0" type="stmt"/>
      <line num="28" count="0" type="stmt"/>
      <line num="33" count="0" type="stmt"/>
      <line num="34" count="0" type="stmt"/>
      <line num="35" count="0" type="cond" truecount="0" falsecount="2"/>
      <line num="36" count="0" type="stmt"/>
      <line num="38" count="0" type="cond" truecount="0" falsecount="2"/>
      <line num="39" count="0" type="stmt"/>
      <line num="44" count="0" type="stmt"/>
      <line num="45" count="0" type="stmt"/>
      <line num="49" count="0" type="cond" truecount="0" falsecount="2"/>
      <line num="50" count="0" type="stmt"/>
      <line num="52" count="0" type="stmt"/>
      <line num="55" count="0" type="stmt"/>
    </file>
  </project>
</coverage>
