{"/Users/josueguerrero/Documents/pokeApi/src/services/pokeApi.service.ts": {"path":"/Users/josueguerrero/Documents/pokeApi/src/services/pokeApi.service.ts","statementMap":{"0":{"start":{"line":2,"column":0},"end":{"line":2,"column":63}},"1":{"start":{"line":4,"column":0},"end":{"line":4,"column":50}},"2":{"start":{"line":9,"column":4},"end":{"line":9,"column":49}},"3":{"start":{"line":14,"column":4},"end":{"line":19,"column":7}},"4":{"start":{"line":15,"column":6},"end":{"line":17,"column":null}},"5":{"start":{"line":16,"column":8},"end":{"line":16,"column":36}},"6":{"start":{"line":18,"column":6},"end":{"line":18,"column":36}},"7":{"start":{"line":23,"column":23},"end":{"line":23,"column":44}},"8":{"start":{"line":24,"column":4},"end":{"line":29,"column":7}},"9":{"start":{"line":25,"column":6},"end":{"line":27,"column":null}},"10":{"start":{"line":26,"column":8},"end":{"line":26,"column":24}},"11":{"start":{"line":28,"column":6},"end":{"line":28,"column":24}},"12":{"start":{"line":33,"column":22},"end":{"line":33,"column":35}},"13":{"start":{"line":34,"column":4},"end":{"line":40,"column":7}},"14":{"start":{"line":35,"column":6},"end":{"line":37,"column":null}},"15":{"start":{"line":36,"column":8},"end":{"line":36,"column":36}},"16":{"start":{"line":38,"column":22},"end":{"line":38,"column":79}},"17":{"start":{"line":39,"column":6},"end":{"line":39,"column":36}},"18":{"start":{"line":44,"column":22},"end":{"line":44,"column":35}},"19":{"start":{"line":45,"column":4},"end":{"line":57,"column":6}},"20":{"start":{"line":49,"column":8},"end":{"line":51,"column":null}},"21":{"start":{"line":50,"column":10},"end":{"line":50,"column":26}},"22":{"start":{"line":52,"column":24},"end":{"line":54,"column":34}},"23":{"start":{"line":55,"column":8},"end":{"line":55,"column":26}},"24":{"start":{"line":7,"column":0},"end":{"line":7,"column":13}}},"fnMap":{"0":{"name":"(anonymous_0)","decl":{"start":{"line":8,"column":9},"end":{"line":8,"column":23}},"loc":{"start":{"line":8,"column":51},"end":{"line":10,"column":3}}},"1":{"name":"(anonymous_1)","decl":{"start":{"line":13,"column":9},"end":{"line":13,"column":22}},"loc":{"start":{"line":13,"column":50},"end":{"line":20,"column":3}}},"2":{"name":"(anonymous_2)","decl":{"start":{"line":14,"column":21},"end":{"line":14,"column":22}},"loc":{"start":{"line":14,"column":65},"end":{"line":19,"column":5}}},"3":{"name":"(anonymous_3)","decl":{"start":{"line":22,"column":9},"end":{"line":22,"column":22}},"loc":{"start":{"line":22,"column":50},"end":{"line":30,"column":3}}},"4":{"name":"(anonymous_4)","decl":{"start":{"line":24,"column":20},"end":{"line":24,"column":21}},"loc":{"start":{"line":24,"column":64},"end":{"line":29,"column":5}}},"5":{"name":"(anonymous_5)","decl":{"start":{"line":32,"column":9},"end":{"line":32,"column":22}},"loc":{"start":{"line":32,"column":50},"end":{"line":41,"column":3}}},"6":{"name":"(anonymous_6)","decl":{"start":{"line":34,"column":41},"end":{"line":34,"column":42}},"loc":{"start":{"line":34,"column":72},"end":{"line":40,"column":5}}},"7":{"name":"(anonymous_7)","decl":{"start":{"line":43,"column":9},"end":{"line":43,"column":22}},"loc":{"start":{"line":43,"column":50},"end":{"line":58,"column":3}}},"8":{"name":"(anonymous_8)","decl":{"start":{"line":48,"column":6},"end":{"line":48,"column":7}},"loc":{"start":{"line":48,"column":37},"end":{"line":56,"column":7}}}},"branchMap":{"0":{"loc":{"start":{"line":15,"column":6},"end":{"line":17,"column":null}},"type":"if","locations":[{"start":{"line":15,"column":6},"end":{"line":17,"column":null}},{"start":{"line":15,"column":6},"end":{"line":17,"column":null}}]},"1":{"loc":{"start":{"line":25,"column":6},"end":{"line":27,"column":null}},"type":"if","locations":[{"start":{"line":25,"column":6},"end":{"line":27,"column":null}},{"start":{"line":25,"column":6},"end":{"line":27,"column":null}}]},"2":{"loc":{"start":{"line":35,"column":6},"end":{"line":37,"column":null}},"type":"if","locations":[{"start":{"line":35,"column":6},"end":{"line":37,"column":null}},{"start":{"line":35,"column":6},"end":{"line":37,"column":null}}]},"3":{"loc":{"start":{"line":38,"column":32},"end":{"line":38,"column":54}},"type":"cond-expr","locations":[{"start":{"line":38,"column":32},"end":{"line":38,"column":54}},{"start":{"line":38,"column":57},"end":{"line":38,"column":79}}]},"4":{"loc":{"start":{"line":49,"column":8},"end":{"line":51,"column":null}},"type":"if","locations":[{"start":{"line":49,"column":8},"end":{"line":51,"column":null}},{"start":{"line":49,"column":8},"end":{"line":51,"column":null}}]},"5":{"loc":{"start":{"line":53,"column":12},"end":{"line":53,"column":34}},"type":"cond-expr","locations":[{"start":{"line":53,"column":12},"end":{"line":53,"column":34}},{"start":{"line":54,"column":12},"end":{"line":54,"column":34}}]}},"s":{"0":1,"1":1,"2":0,"3":1,"4":1,"5":0,"6":1,"7":0,"8":0,"9":0,"10":0,"11":0,"12":0,"13":0,"14":0,"15":0,"16":0,"17":0,"18":0,"19":0,"20":0,"21":0,"22":0,"23":0,"24":1},"f":{"0":0,"1":1,"2":1,"3":0,"4":0,"5":0,"6":0,"7":0,"8":0},"b":{"0":[0,1],"1":[0,0],"2":[0,0],"3":[0,0],"4":[0,0],"5":[0,0]}}
}
